0,27/12/21,11:28:36,INGRESO,08005887DB,W,B
1,27/12/21,11:28:39,EGRESO,08005887DB,W,B
2,27/12/21,11:31:47,INGRESO,08005887DB,W,B
2,27/12/21,11:31:50,EGRESO,08005887DB,W,B
3,27/12/21,11:31:52,INGRESO,08005887DB,W,B
4,27/12/21,11:32:04,EGRESO,08005887DB,W,B
5,27/12/21,11:32:08,INGRESO,08005887DB,W,B
6,27/12/21,12:03:55,EGRESO,08005887DB,W,B
7,27/12/21,12:05:59,INGRESO,08005887DB,W,B
8,27/12/21,12:06:02,EGRESO,08005887DB,W,B
9,27/12/21,12:06:04,INGRESO,08005887DB,W,B
10,27/12/21,12:06:10,INGRESO,08005686B2,Z,Z
11,27/12/21,12:06:16,EGRESO,08005686B2,Z,Z
12,27/12/21,12:24:52,EGRESO,080056A717,,
13,27/12/21,12:26:10,INGRESO,08005686B2,Z,Z
14,27/12/21,12:26:17,INGRESO,080056A717,,
15,27/12/21,12:26:22,EGRESO,08005686B2,Z,Z
16,27/12/21,12:26:24,INGRESO,08005686B2,Z,Z
17,27/12/21,12:36:03,EGRESO,08005686B2,Z,Z
18,27/12/21,13:06:39,INGRESO,08005686B2,Z,Z
19,27/12/21,13:06:45,INGRESO,08005887DB,W,B
20,27/12/21,13:06:47,EGRESO,08005887DB,W,B
21,27/12/21,14:21:43,INGRESO,54002221B2,,
22,27/12/21,14:26:17,INGRESO,0800599F47,aaaa,bbbb
23,27/12/21,14:26:19,EGRESO,0800599F47,aaaa,bbbb
24,27/12/21,15:10:00,INGRESO,54002221B2,JUAN,BOIRAZIAN
25,27/12/21,15:10:03,EGRESO,54002221B2,JUAN,BOIRAZIAN
26,27/12/21,15:17:56,INGRESO,54002221B2,JUAN,BOIRAZIAN
27,27/12/21,15:17:59,EGRESO,54002221B2,JUAN,BOIRAZIAN
28,27/12/21,15:21:25,INGRESO,54002221B2,JUAN,BOIRAZIAN
29,27/12/21,15:21:27,EGRESO,54002221B2,JUAN,BOIRAZIAN
30,27/12/21,15:33:16,INGRESO,080056A717,kevin,chon
31,27/12/21,15:33:19,EGRESO,080056A717,kevin,chon
32,27/12/21,15:33:44,INGRESO,54002221B2,,
33,27/12/21,15:33:47,EGRESO,54002221B2,,
34,27/12/21,15:34:05,INGRESO,54002221B2,,
35,27/12/21,15:37:35,INGRESO,08005887DB,zzzz,aaaa
36,27/12/21,15:37:38,EGRESO,08005887DB,zzzz,aaaa
37,27/12/21,15:41:49,INGRESO,08005887D4,a,a
38,27/12/21,15:41:50,EGRESO,08005887D4,a,a
39,27/12/21,15:44:49,INGRESO,0800599F4A,Q,Q
40,27/12/21,15:44:50,EGRESO,0800599F4A,Q,Q